[08-Jun-2023 17:00:47 UTC] PHP Warning:  Undefined array key "Upic" in D:\shareALL\profile.php on line 49
[08-Jun-2023 17:00:47 UTC] PHP Warning:  Undefined array key "Uname" in D:\shareALL\profile.php on line 53
[08-Jun-2023 17:00:47 UTC] PHP Warning:  Undefined array key "Ucontact" in D:\shareALL\profile.php on line 54
[08-Jun-2023 17:00:47 UTC] PHP Warning:  Undefined array key "Ulocation" in D:\shareALL\profile.php on line 55
[08-Jun-2023 17:00:47 UTC] PHP Warning:  Undefined array key "Ulocation2" in D:\shareALL\profile.php on line 56
[08-Jun-2023 17:00:47 UTC] PHP Warning:  Undefined array key "Uname" in D:\shareALL\profile.php on line 61
[08-Jun-2023 17:00:47 UTC] PHP Warning:  Undefined array key "Ucontact" in D:\shareALL\profile.php on line 62
[08-Jun-2023 17:00:47 UTC] PHP Warning:  Undefined array key "Ulocation" in D:\shareALL\profile.php on line 63
[08-Jun-2023 17:00:47 UTC] PHP Warning:  Undefined array key "Ulocation2" in D:\shareALL\profile.php on line 64
[08-Jun-2023 17:00:47 UTC] PHP Warning:  Undefined array key "Uemail" in D:\shareALL\profile.php on line 93
[08-Jun-2023 17:00:47 UTC] PHP Warning:  Undefined array key "Uemail" in D:\shareALL\profile.php on line 145
[08-Jun-2023 17:09:41 UTC] PHP Fatal error:  Uncaught mysqli_sql_exception: You have an error in your SQL syntax; check the manual that corresponds to your MySQL server version for the right syntax to use near ''Upic = 'uploads/User/manjulsharma760@gmail.com/profile.png' ,Ulocation = 'Kathm' at line 4 in D:\shareALL\php\Classes.php:132
Stack trace:
#0 D:\shareALL\php\Classes.php(132): mysqli->query('Update Users \r\n...')
#1 D:\shareALL\profile.php(20): User->Edit('manjulsharma760...', 'Manjul S ', 'Kathmandu Nepal...', 'known town  ', '9845685642  ', Array)
#2 {main}
  thrown in D:\shareALL\php\Classes.php on line 132
[08-Jun-2023 17:12:41 UTC] PHP Warning:  Undefined array key "Upic" in D:\shareALL\profile.php on line 49
[08-Jun-2023 17:12:41 UTC] PHP Warning:  Undefined array key "Uname" in D:\shareALL\profile.php on line 53
[08-Jun-2023 17:12:41 UTC] PHP Warning:  Undefined array key "Ucontact" in D:\shareALL\profile.php on line 54
[08-Jun-2023 17:12:41 UTC] PHP Warning:  Undefined array key "Ulocation" in D:\shareALL\profile.php on line 55
[08-Jun-2023 17:12:41 UTC] PHP Warning:  Undefined array key "Ulocation2" in D:\shareALL\profile.php on line 56
[08-Jun-2023 17:12:41 UTC] PHP Warning:  Undefined array key "Uname" in D:\shareALL\profile.php on line 61
[08-Jun-2023 17:12:41 UTC] PHP Warning:  Undefined array key "Ucontact" in D:\shareALL\profile.php on line 62
[08-Jun-2023 17:12:41 UTC] PHP Warning:  Undefined array key "Ulocation" in D:\shareALL\profile.php on line 63
[08-Jun-2023 17:12:41 UTC] PHP Warning:  Undefined array key "Ulocation2" in D:\shareALL\profile.php on line 64
[08-Jun-2023 17:12:41 UTC] PHP Warning:  Undefined array key "Uemail" in D:\shareALL\profile.php on line 93
[08-Jun-2023 17:12:41 UTC] PHP Warning:  Undefined array key "Uemail" in D:\shareALL\profile.php on line 145
[08-Jun-2023 17:15:58 UTC] PHP Warning:  Undefined array key "Upic" in D:\shareALL\profile.php on line 49
[08-Jun-2023 17:15:58 UTC] PHP Warning:  Undefined array key "Uname" in D:\shareALL\profile.php on line 53
[08-Jun-2023 17:15:58 UTC] PHP Warning:  Undefined array key "Ucontact" in D:\shareALL\profile.php on line 54
[08-Jun-2023 17:15:58 UTC] PHP Warning:  Undefined array key "Ulocation" in D:\shareALL\profile.php on line 55
[08-Jun-2023 17:15:58 UTC] PHP Warning:  Undefined array key "Ulocation2" in D:\shareALL\profile.php on line 56
[08-Jun-2023 17:15:58 UTC] PHP Warning:  Undefined array key "Uname" in D:\shareALL\profile.php on line 61
[08-Jun-2023 17:15:58 UTC] PHP Warning:  Undefined array key "Ucontact" in D:\shareALL\profile.php on line 62
[08-Jun-2023 17:15:58 UTC] PHP Warning:  Undefined array key "Ulocation" in D:\shareALL\profile.php on line 63
[08-Jun-2023 17:15:58 UTC] PHP Warning:  Undefined array key "Ulocation2" in D:\shareALL\profile.php on line 64
[08-Jun-2023 17:15:58 UTC] PHP Warning:  Undefined array key "Uemail" in D:\shareALL\profile.php on line 93
[08-Jun-2023 17:15:58 UTC] PHP Warning:  Undefined array key "Uemail" in D:\shareALL\profile.php on line 145
